210319-17:43:46 [INFO] -- 
210319-17:43:46 [INFO] -- 
210319-17:43:46 [INFO] -- ============================================================
210319-17:43:46 [INFO] -- ATMSSStarter: Application Starting...
210319-17:43:47 [INFO] -- AdvicePrinterHandler: starting...
210319-17:43:47 [INFO] -- CashCollectorHandler: starting...
210319-17:43:47 [INFO] -- timer: starting...
210319-17:43:47 [INFO] -- KeypadHandler: starting...
210319-17:43:47 [INFO] -- TouchDisplayHandler: starting...
210319-17:43:47 [INFO] -- CardReaderHandler: starting...
210319-17:43:47 [INFO] -- ATMSS: starting...
210319-17:44:47 [INFO] -- Poll: TimesUp 54374 0
210319-17:44:47 [INFO] -- PollAck: TouchDisplayHandler is up!
210319-17:44:47 [INFO] -- PollAck: KeypadHandler is up!
210319-17:44:47 [INFO] -- PollAck: CardReaderHandler is up!
210319-17:45:47 [INFO] -- Poll: TimesUp 88055 0
210319-17:45:47 [INFO] -- PollAck: KeypadHandler is up!
210319-17:45:47 [INFO] -- PollAck: TouchDisplayHandler is up!
210319-17:45:47 [INFO] -- PollAck: CardReaderHandler is up!
210319-17:46:47 [INFO] -- Poll: TimesUp 14744 0
210319-17:46:47 [INFO] -- PollAck: CardReaderHandler is up!
210319-17:46:47 [INFO] -- PollAck: KeypadHandler is up!
210319-17:46:47 [INFO] -- PollAck: TouchDisplayHandler is up!
210319-17:47:47 [INFO] -- Poll: TimesUp 17903 0
210319-17:47:47 [INFO] -- PollAck: CardReaderHandler is up!
210319-17:47:47 [INFO] -- PollAck: KeypadHandler is up!
210319-17:47:47 [INFO] -- PollAck: TouchDisplayHandler is up!
